<?xml version="1.0" encoding="UTF-8"?>
<!-- Generated by org.testng.reporters.JUnitReportReporter -->
<testsuite hostname="DESKTOP-BM9GJNR" failures="0" tests="3" name="tests.RegisterationTest" time="11.836" errors="0" timestamp="2023-03-04T13:09:14 GST" skipped="1">
  <testcase classname="tests.RegisterationTest" name="UserCanRegisterSuccessfully" time="10.184"/>
  <system-out/>
  <testcase classname="tests.RegisterationTest" name="UserCanLogin" time="1.652"/>
  <system-out/>
  <testcase classname="tests.RegisterationTest" name="UserCanLogout">
    <skipped/>
  </testcase> <!-- UserCanLogout -->
  <system-out/>
</testsuite> <!-- tests.RegisterationTest -->
