<?xml version="1.0" encoding="UTF-8"?>
<!-- Generated by org.testng.reporters.JUnitReportReporter -->
<testsuite hostname="DESKTOP-BM9GJNR" failures="0" tests="4" name="tests.ProductTest" time="13.162" errors="0" timestamp="2023-03-03T22:35:20 GST" skipped="0">
  <testcase classname="tests.ProductTest" name="UserCanRegisterandLoginSuccessfully" time="6.459"/>
  <system-out/>
  <testcase classname="tests.ProductTest" name="SearchForProduct" time="3.312"/>
  <system-out/>
  <testcase classname="tests.ProductTest" name="AddtoWishListTestCase" time="2.611"/>
  <system-out/>
  <testcase classname="tests.ProductTest" name="RemovefromWishListtestCase" time="0.780"/>
  <system-out/>
</testsuite> <!-- tests.ProductTest -->
