<?xml version="1.0" encoding="UTF-8"?>
<!-- Generated by org.testng.reporters.JUnitReportReporter -->
<testsuite hostname="DESKTOP-BM9GJNR" failures="0" tests="2" name="tests.AddToShopCartTestCase" time="1.155" errors="0" timestamp="2023-03-04T13:09:14 GST" skipped="1">
  <testcase classname="tests.AddToShopCartTestCase" name="UserCanAdditemtotheshopcart" time="1.155"/>
  <system-out/>
  <testcase classname="tests.AddToShopCartTestCase" name="removefromshopcart">
    <skipped/>
  </testcase> <!-- removefromshopcart -->
  <system-out/>
</testsuite> <!-- tests.AddToShopCartTestCase -->
