<?xml version="1.0" encoding="UTF-8"?>
<!-- Generated by org.testng.reporters.JUnitReportReporter -->
<testsuite hostname="DESKTOP-BM9GJNR" failures="0" tests="1" name="tests.UserCanLogOutTestCase" time="1.262" errors="0" timestamp="2023-03-04T13:09:14 GST" skipped="0">
  <testcase classname="tests.UserCanLogOutTestCase" name="UserCanLogOut" time="1.262"/>
  <system-out/>
</testsuite> <!-- tests.UserCanLogOutTestCase -->
