<?xml version="1.0" encoding="UTF-8"?>
<!-- Generated by org.testng.reporters.JUnitReportReporter -->
<testsuite hostname="DESKTOP-BM9GJNR" failures="0" tests="2" name="tests.SearchForProductTest" time="3.915" errors="0" timestamp="2023-03-04T13:09:14 GST" skipped="1">
  <testcase classname="tests.SearchForProductTest" name="SearchForProduct" time="3.915"/>
  <system-out/>
  <testcase classname="tests.SearchForProductTest" name="UserCanRegisterandLoginSuccessfully">
    <skipped/>
  </testcase> <!-- UserCanRegisterandLoginSuccessfully -->
  <system-out/>
</testsuite> <!-- tests.SearchForProductTest -->
