<?xml version="1.0" encoding="UTF-8"?>
<!-- Generated by org.testng.reporters.JUnitReportReporter -->
<testsuite hostname="DESKTOP-BM9GJNR" failures="0" tests="2" name="tests.AddToWishListTest" time="2.695" errors="0" timestamp="2023-03-04T13:09:14 GST" skipped="1">
  <testcase classname="tests.AddToWishListTest" name="AddtoWishListTestCase" time="2.695"/>
  <system-out/>
  <testcase classname="tests.AddToWishListTest" name="RemovefromWishListtestCase">
    <skipped/>
  </testcase> <!-- RemovefromWishListtestCase -->
  <system-out/>
</testsuite> <!-- tests.AddToWishListTest -->
