<?xml version="1.0" encoding="UTF-8"?>
<!-- Generated by org.testng.reporters.JUnitReportReporter -->
<testsuite hostname="DESKTOP-BM9GJNR" failures="0" tests="1" name="tests.CheckOutTestCase" time="5.790" errors="0" timestamp="2023-03-04T13:09:14 GST" skipped="0">
  <testcase classname="tests.CheckOutTestCase" name="UserCanCheckOuthissearcheditem" time="5.790"/>
  <system-out/>
</testsuite> <!-- tests.CheckOutTestCase -->
